[16:48:04] [ServerMain/INFO]: [bootstrap] Running Java 21 (OpenJDK 64-Bit Server VM 21.0.9+10-Ubuntu-124.04; Ubuntu null) on Linux 6.8.0-1030-azure (amd64)
[16:48:04] [ServerMain/INFO]: [bootstrap] Loading Paper 1.21.8-6-main@782ce95 (2025-07-18T20:26:58Z) for Minecraft 1.21.8
[16:48:04] [ServerMain/INFO]: [PluginInitializerManager] Initializing plugins...
[16:48:05] [ServerMain/INFO]: [PluginInitializerManager] Initialized 4 plugins
[16:48:05] [ServerMain/INFO]: [PluginInitializerManager] Bukkit plugins (4):
 - SimpleTpa (8.0), SkinsRestorer (15.9.1), Timber (1.7.4), UltraSetHome (1.7.9)
[16:48:13] [ServerMain/INFO]: Environment: Environment[sessionHost=https://sessionserver.mojang.com, servicesHost=https://api.minecraftservices.com, name=PROD]
[16:48:17] [ServerMain/INFO]: Loaded 1407 recipes
[16:48:17] [ServerMain/INFO]: Loaded 1520 advancements
[16:48:17] [ServerMain/INFO]: [ca.spottedleaf.dataconverter.minecraft.datatypes.MCTypeRegistry] Initialising converters for DataConverter...
[16:48:18] [ServerMain/INFO]: [ca.spottedleaf.dataconverter.minecraft.datatypes.MCTypeRegistry] Finished initialising converters for DataConverter in 941.3ms
[16:48:18] [Server thread/INFO]: Starting minecraft server version 1.21.8
[16:48:18] [Server thread/INFO]: Loading properties
[16:48:18] [Server thread/INFO]: This server is running Paper version 1.21.8-6-main@782ce95 (2025-07-18T20:26:58Z) (Implementing API version 1.21.8-R0.1-SNAPSHOT)
[16:48:18] [Server thread/INFO]: [spark] This server bundles the spark profiler. For more information please visit https://docs.papermc.io/paper/profiling
[16:48:19] [Server thread/INFO]: Server Ping Player Sample Count: 12
[16:48:19] [Server thread/INFO]: Using 4 threads for Netty based IO
[16:48:20] [Server thread/INFO]: [MoonriseCommon] Paper is using 1 worker threads, 1 I/O threads
[16:48:20] [Server thread/INFO]: [ChunkTaskScheduler] Chunk system is using population gen parallelism: true
[16:48:21] [Server thread/INFO]: Default game type: SURVIVAL
[16:48:21] [Server thread/INFO]: Generating keypair
[16:48:21] [Server thread/INFO]: Starting Minecraft server on *:25565
[16:48:21] [Server thread/INFO]: Using epoll channel type
[16:48:21] [Server thread/INFO]: Paper: Using libdeflate (Linux x86_64) compression from Velocity.
[16:48:21] [Server thread/INFO]: Paper: Using OpenSSL 3.x.x (Linux x86_64) cipher from Velocity.
[16:48:21] [Server thread/INFO]: [SkinsRestorer] Loading server plugin SkinsRestorer v15.9.1
[16:48:21] [Server thread/INFO]: [Timber] Loading server plugin Timber v1.7.4
[16:48:21] [Server thread/INFO]: [SimpleTpa] Loading server plugin SimpleTpa v8.0
[16:48:21] [Server thread/INFO]: [UltraSetHome] Loading server plugin UltraSetHome v1.7.9
[16:48:21] [Server thread/INFO]: Server permissions file permissions.yml is empty, ignoring it
[16:48:21] [Server thread/INFO]: [SkinsRestorer] Enabling SkinsRestorer v15.9.1
[16:48:23] [Server thread/INFO]: [SkinsRestorer] Running on Minecraft 1.21.8.
[16:48:24] [Server thread/INFO]: [SkinsRestorer] Using paper join listener!
[16:48:25] [Server thread/WARN]: **** SERVER IS RUNNING IN OFFLINE/INSECURE MODE!
[16:48:25] [Server thread/WARN]: The server will make no attempt to authenticate usernames. Beware.
[16:48:25] [Server thread/WARN]: While this makes the game possible to play without internet access, it also opens up the ability for hackers to connect with any username they choose.
[16:48:25] [Server thread/WARN]: To change this, set "online-mode" to "true" in the server.properties file.
[16:48:25] [Server thread/INFO]: Preparing level "world"
[16:48:25] [Folia Async Scheduler Thread #1/INFO]: [SkinsRestorer] ----------------------------------------------
[16:48:25] [Folia Async Scheduler Thread #1/INFO]: [SkinsRestorer]     +==================+
[16:48:25] [Folia Async Scheduler Thread #1/INFO]: [SkinsRestorer]     |   SkinsRestorer  |
[16:48:25] [Folia Async Scheduler Thread #1/INFO]: [SkinsRestorer]     |------------------|
[16:48:25] [Folia Async Scheduler Thread #1/INFO]: [SkinsRestorer]     |  Standalone Mode |
[16:48:25] [Folia Async Scheduler Thread #1/INFO]: [SkinsRestorer]     +==================+
[16:48:25] [Folia Async Scheduler Thread #1/INFO]: [SkinsRestorer] ----------------------------------------------
[16:48:25] [Folia Async Scheduler Thread #1/INFO]: [SkinsRestorer]     Version: 15.9.1
[16:48:25] [Folia Async Scheduler Thread #1/INFO]: [SkinsRestorer]     Commit: ee713cb
[16:48:25] [Folia Async Scheduler Thread #1/INFO]: [SkinsRestorer]     This is the latest version!
[16:48:25] [Folia Async Scheduler Thread #1/INFO]: [SkinsRestorer] ----------------------------------------------
[16:48:25] [Folia Async Scheduler Thread #1/INFO]: [SkinsRestorer] Do you have issues? Read our troubleshooting guide: https://skinsrestorer.net/docs/troubleshooting
[16:48:25] [Folia Async Scheduler Thread #1/INFO]: [SkinsRestorer] Want to support SkinsRestorer? Consider donating: https://skinsrestorer.net/donate
[16:48:26] [Server thread/INFO]: Preparing start region for dimension minecraft:overworld
[16:48:26] [Server thread/INFO]: Preparing spawn area: 0%
[16:48:26] [Server thread/INFO]: Preparing spawn area: 0%
[16:48:27] [Server thread/INFO]: Preparing spawn area: 2%
[16:48:28] [Server thread/INFO]: Preparing spawn area: 8%
[16:48:28] [Server thread/INFO]: Preparing spawn area: 8%
[16:48:28] [Server thread/INFO]: Preparing spawn area: 8%
[16:48:28] [Server thread/INFO]: Time elapsed: 2582 ms
[16:48:28] [Server thread/INFO]: Preparing start region for dimension minecraft:the_nether
[16:48:28] [Server thread/INFO]: Preparing spawn area: 0%
[16:48:29] [Server thread/INFO]: Preparing spawn area: 14%
[16:48:29] [Server thread/INFO]: Preparing spawn area: 55%
[16:48:30] [Server thread/INFO]: Time elapsed: 1350 ms
[16:48:30] [Server thread/INFO]: Preparing start region for dimension minecraft:the_end
[16:48:30] [Server thread/INFO]: Preparing spawn area: 0%
[16:48:30] [Server thread/INFO]: Preparing spawn area: 14%
[16:48:31] [Server thread/INFO]: Preparing spawn area: 48%
[16:48:31] [Server thread/INFO]: Time elapsed: 1042 ms
[16:48:31] [Server thread/INFO]: [Timber] Enabling Timber v1.7.4
[16:48:31] [Server thread/WARN]: LogBlock isn't injected! 
[16:48:31] [Server thread/WARN]: Install the plugin to improve tree detection 
[16:48:31] [Server thread/WARN]: Download link: https://www.curseforge.com/minecraft/bukkit-plugins/logblocks 
[16:48:32] [Server thread/INFO]: 
	Plugin [Timber] Update Available
	Your version: 1.7.4 | Latest: 1.7.6
	Download: https://www.curseforge.com/minecraft/bukkit-plugins/treetimber
[16:48:32] [Server thread/INFO]: [SimpleTpa] Enabling SimpleTpa v8.0
[16:48:32] [Server thread/INFO]: [SimpleTpa] If you need support contact me at https://discord.gg/SZUkza9
[16:48:32] [Server thread/INFO]: [SimpleTpa] Simple Tpa has been enabled on version 8.0
[16:48:32] [Server thread/INFO]: Enabled metrics. You may opt-out by changing plugins/bStats/config.yml
[16:48:32] [Server thread/INFO]: [UltraSetHome] Enabling UltraSetHome v1.7.9
[16:48:34] [Server thread/INFO]: [spark] Starting background profiler...
[16:48:35] [Server thread/INFO]: Done preparing level "world" (10.520s)
[16:48:35] [Server thread/INFO]: Running delayed init tasks
[16:48:35] [Server thread/INFO]: Done (33.766s)! For help, type "help"
[16:48:36] [Server thread/INFO]: [UltraSetHome] You are using the latest version of UltraSetHome.
[16:48:53] [User Authenticator #0/INFO]: UUID of player wuaska is a7273f58-c8bf-3bcd-b5bf-7f38b61b2725
[16:48:55] [Server thread/INFO]: Environment: Environment[sessionHost=https://sessionserver.mojang.com, servicesHost=https://api.minecraftservices.com, name=PROD]
[16:48:55] [Server thread/INFO]: wuaska joined the game
[16:48:55] [Server thread/INFO]: wuaska[/127.201.85.39:33415] logged in with entity id 10 at ([world]-307.55871373739666, 62.284176532735344, 4732.54033380025)
[16:57:53] [Server thread/INFO]: wuaska issued server command: /home endermands
[17:02:52] [User Authenticator #1/INFO]: UUID of player noselacamasti is 420bbaa7-e5e5-30ce-8f5c-0353c7c2aa27
[17:02:54] [Server thread/INFO]: noselacamasti joined the game
[17:02:54] [Server thread/INFO]: noselacamasti[/127.201.85.39:56969] logged in with entity id 1950 at ([world]-280.979571559017, 76.0, 4775.329455021067)
[17:05:49] [Server thread/INFO]: wuaska issued server command: /home casa
[17:10:35] [Server thread/INFO]: noselacamasti lost connection: Disconnected
[17:10:35] [Server thread/INFO]: noselacamasti left the game
[17:10:49] [User Authenticator #2/INFO]: UUID of player noselacamasti is 420bbaa7-e5e5-30ce-8f5c-0353c7c2aa27
[17:10:50] [Server thread/INFO]: noselacamasti joined the game
[17:10:50] [Server thread/INFO]: noselacamasti[/127.201.85.39:53333] logged in with entity id 4691 at ([world]-351.47948021940164, -50.0, 4868.399268323463)
[17:10:57] [Server thread/INFO]: noselacamasti issued server command: /home nether
[17:11:07] [Server thread/INFO]: noselacamasti issued server command: /home orfanato
[17:11:18] [Server thread/INFO]: noselacamasti issued server command: /home nether
[17:11:28] [Server thread/INFO]: noselacamasti lost connection: Disconnected
[17:11:28] [Server thread/INFO]: noselacamasti left the game
[17:11:43] [User Authenticator #2/INFO]: UUID of player noselacamasti is 420bbaa7-e5e5-30ce-8f5c-0353c7c2aa27
[17:11:44] [Server thread/INFO]: noselacamasti joined the game
[17:11:44] [Server thread/INFO]: noselacamasti[/127.201.85.39:34395] logged in with entity id 5196 at ([world_nether]124.7898154329804, 14.0, 329.30000001192093)
[17:19:23] [Server thread/INFO]: wuaska issued server command: /home casa
[17:24:24] [Server thread/INFO]: noselacamasti issued server command: /h
[17:24:28] [Server thread/INFO]: noselacamasti issued server command: /home orfanato
[17:24:35] [Server thread/INFO]: noselacamasti lost connection: Disconnected
[17:24:35] [Server thread/INFO]: noselacamasti left the game
[17:24:51] [User Authenticator #3/INFO]: UUID of player noselacamasti is 420bbaa7-e5e5-30ce-8f5c-0353c7c2aa27
[17:24:52] [Server thread/INFO]: noselacamasti joined the game
[17:24:52] [Server thread/INFO]: noselacamasti[/127.201.85.39:59093] logged in with entity id 11757 at ([world]-313.0771276124375, 70.0, 4778.131393105721)
[17:26:25] [Server thread/INFO]: noselacamasti lost connection: Disconnected
[17:26:25] [Server thread/INFO]: noselacamasti left the game
[17:26:39] [User Authenticator #4/INFO]: UUID of player noselacamasti is 420bbaa7-e5e5-30ce-8f5c-0353c7c2aa27
[17:26:40] [Server thread/INFO]: noselacamasti joined the game
[17:26:40] [Server thread/INFO]: noselacamasti[/127.201.85.39:41383] logged in with entity id 11942 at ([world]-359.7625989587475, 71.0, 4807.283108448906)
[17:27:45] [Async Chat Thread - #1/INFO]: [Not Secure] <wuaska> cordero o soft
[17:28:55] [Server thread/INFO]: noselacamasti issued server command: /home orfanato
[17:28:56] [Server thread/INFO]: noselacamasti lost connection: Disconnected
[17:28:56] [Server thread/INFO]: noselacamasti left the game
[17:29:10] [User Authenticator #5/INFO]: UUID of player noselacamasti is 420bbaa7-e5e5-30ce-8f5c-0353c7c2aa27
[17:29:11] [Server thread/INFO]: noselacamasti joined the game
[17:29:11] [Server thread/INFO]: noselacamasti[/127.201.85.39:51231] logged in with entity id 12649 at ([world]-313.1533903002705, 70.0, 4776.203489954391)
[17:36:53] [Server thread/INFO]: wuaska issued server command: /home endermands
[17:36:58] [Server thread/INFO]: noselacamasti issued server command: /tpa wuaska
[17:37:01] [Server thread/INFO]: wuaska issued server command: /accept
[17:40:13] [Server thread/INFO]: noselacamasti issued server command: /sethome farm exp
[17:40:25] [Server thread/INFO]: noselacamasti issued server command: /sethome farmexp
[17:42:10] [Server thread/INFO]: noselacamasti issued server command: /home orfanato
[17:42:27] [Server thread/INFO]: noselacamasti issued server command: /home farmexp
[17:43:58] [Server thread/INFO]: noselacamasti issued server command: /home orfanato
[17:46:30] [Server thread/INFO]: wuaska issued server command: /home casa
[17:59:35] [Server thread/INFO]: noselacamasti issued server command: /seed
[18:01:02] [Server thread/INFO]: wuaska issued server command: /home casa
[18:09:50] [User Authenticator #6/INFO]: UUID of player Welinx is 79b10249-4faf-38cc-9fe6-1427d57fb1bb
[18:09:51] [Server thread/INFO]: Welinx joined the game
[18:09:51] [Server thread/INFO]: Welinx[/127.155.170.117:57177] logged in with entity id 20714 at ([world]98.86815480355014, 72.0, 5554.699999988079)
[18:13:35] [Async Chat Thread - #2/INFO]: [Not Secure] <noselacamasti> hello weli
[18:13:43] [Async Chat Thread - #2/INFO]: [Not Secure] <wuaska> hola welim
[18:13:54] [Async Chat Thread - #2/INFO]: [Not Secure] <Welinx> alo
[18:14:10] [Async Chat Thread - #2/INFO]: [Not Secure] <noselacamasti> venimos del nether y quedarnos afk
[18:14:23] [Async Chat Thread - #2/INFO]: [Not Secure] <wuaska> estuvimos full farm de minerales en el nether y over
[18:14:33] [Async Chat Thread - #2/INFO]: [Not Secure] <Welinx> yo ando haciendo mi nueva base
[18:15:01] [Async Chat Thread - #2/INFO]: [Not Secure] <noselacamasti> conseguimos un stack de diamantes y un monton de ancient debris
[18:15:06] [Async Chat Thread - #3/INFO]: [Not Secure] <Welinx> dawwg
[18:15:14] [Async Chat Thread - #3/INFO]: [Not Secure] <noselacamasti> bro escucha
[18:15:18] [Async Chat Thread - #3/INFO]: [Not Secure] <noselacamasti> casi un puto stack
[18:15:23] [Async Chat Thread - #3/INFO]: [Not Secure] <Welinx> dios mio
[18:15:49] [Async Chat Thread - #2/INFO]: [Not Secure] <noselacamasti> estuvimos farmeando como enfermos
[18:15:56] [Async Chat Thread - #3/INFO]: [Not Secure] <noselacamasti> y el problema
[18:16:00] [Async Chat Thread - #3/INFO]: [Not Secure] <noselacamasti> nos falta plantilla
[18:16:15] [Async Chat Thread - #2/INFO]: [Not Secure] <noselacamasti> ya que guarde una y se la llevaron
[18:16:56] [Server thread/INFO]: Villager Villager['Librarian'/20720, uuid='78b65411-294d-4f46-a3b6-ddc7a22ceed4', l='ServerLevel[world]', x=97.22, y=63.19, z=5549.96, cpos=[6, 346], tl=8472, v=true] died, message: 'Librarian suffocated in a wall'
[18:20:04] [Server thread/INFO]: wuaska issued server command: /home aldea
[18:20:04] [Server thread/INFO]: wuaska hit the ground too hard
[18:20:08] [Server thread/INFO]: wuaska issued server command: /back
[18:20:58] [Server thread/INFO]: [Not Secure] [Server] hola?
[18:21:01] [Async Chat Thread - #5/INFO]: [Not Secure] <Welinx> ola soft
[18:21:01] [Async Chat Thread - #4/INFO]: [Not Secure] <wuaska> hola
[18:21:03] [Server thread/INFO]: [Not Secure] [Server] alguien esta jugando?
[18:21:06] [Server thread/INFO]: [Not Secure] [Server] rayos
[18:21:07] [Async Chat Thread - #4/INFO]: [Not Secure] <Welinx> yo
[18:21:08] [Async Chat Thread - #4/INFO]: [Not Secure] <wuaska> so
[18:21:09] [Async Chat Thread - #5/INFO]: [Not Secure] <Welinx> q paso
[18:21:14] [Async Chat Thread - #4/INFO]: [Not Secure] <Welinx> lo vas a apagar maldita?
[18:21:16] [Async Chat Thread - #5/INFO]: [Not Secure] <Welinx> :sob:
[18:21:20] [Server thread/INFO]: [Not Secure] [Server] es que iba a salir y no se si dejarlo encendida mi pc
[18:21:31] [Async Chat Thread - #5/INFO]: [Not Secure] <Welinx> si quieres apagalo no hay problema
[18:21:40] [Server thread/INFO]: [Not Secure] [Server] no ya me senti mal por ustedes
[18:21:44] [Server thread/INFO]: [Not Secure] [Server] lo dejo bye
[18:21:46] [Async Chat Thread - #5/INFO]: [Not Secure] <Welinx> :brokenheart:
[18:22:23] [Server thread/INFO]: noselacamasti issued server command: /home farmexp
[18:26:18] [Server thread/INFO]: noselacamasti issued server command: /home orfanato
[18:26:38] [Server thread/INFO]: noselacamasti issued server command: /home farmexp
[18:29:05] [Server thread/WARN]: Oak Boat (vehicle of wuaska) moved wrongly! 0.2502042837677436
[18:29:05] [Server thread/WARN]: Oak Boat (vehicle of wuaska) moved wrongly! 0.5484804178058766
[18:29:05] [Server thread/WARN]: Oak Boat (vehicle of wuaska) moved wrongly! 0.8492803003546214
[18:29:05] [Server thread/WARN]: Oak Boat (vehicle of wuaska) moved wrongly! 1.152376564032238
[18:29:05] [Server thread/WARN]: Oak Boat (vehicle of wuaska) moved wrongly! 0.31107198735935526
[18:29:05] [Server thread/WARN]: Oak Boat (vehicle of wuaska) moved wrongly! 0.5779203628708274
[18:29:05] [Server thread/WARN]: Oak Boat (vehicle of wuaska) moved wrongly! 0.8467617398590416
[18:29:05] [Server thread/WARN]: Oak Boat (vehicle of wuaska) moved wrongly! 0.9707726778306096
[18:29:05] [Server thread/WARN]: Oak Boat (vehicle of wuaska) moved wrongly! 0.5852214661281323
